Full command line: -f "eni_1ELMO.xml"-i8254x 1 1 -perf 

000003 : Run demo now with cycle time 1000 usec
000003 : Using AuxClock
000003 : Calibrate tsc measurement... done: 2693 MHz
003004 : ==========================
003004 : Initialize EtherCAT Master
003004 : ==========================
003004 : EC-Master V2.9.1.06 (Protected) for Linux_x64 Copyright acontis technologies GmbH @ 2016
003004 : OsGetLinkLayerRegFunc: try to load '/home/mgehrig2/git_repos/EtherCAT/EcTest/build/libemllI8254x.so'
003005 : PCI: device 00:19.0 found
003607 : Log out every 250 cycle
003607 : my Value 1:
003607 : 0
003607 : my Value 2:
003607 : 0
003620 : Unlicensed version, stop sending ethernet frames after 60 minutes!
003658 : Bus scan successful - 1 slaves found
003677 : 1 identical messages skipped
003677 : ******************************************************************************
003677 : Slave ID............: 0x00000000
003677 : Bus Index...........: 0
003677 : Bus AutoInc Address.: 0x0000
003677 : Bus Station Address.: 0x03e9 (1001)
003677 : Bus Alias Address...: 0x0000 (   0)
003677 : Vendor ID...........: 0x0000009A = Elmo Motion Control Ltd.
003677 : Product Code........: 0x00030924 = Unknown
003677 : Revision............: 0x00010420   Serial Number: 17020826
003677 : ESC Type............: Beckhoff ET1100 (0x11)  Revision: 0  Build: 3
003677 : Connection at Port A: yes (to 0x00010000)
003677 : Connection at Port D: no  (to 0xFFFFFFFF)
003677 : Connection at Port B: no  (to 0xFFFFFFFF)
003677 : Connection at Port C: no  (to 0xFFFFFFFF)
003677 : Line Crossed........: no 
003677 : Cfg Station Address.: 0x03e9 (1001)
003677 : PD IN    Byte.Bit offset: 0.0   Size: 80 bits
003677 : PD OUT   Byte.Bit offset: 0.0   Size: 80 bits
003677 : EtherCAT network adapter MAC: EC-F4-BB-34-B6-E7

003677 : =====================
003677 : Start EtherCAT Master
003677 : =====================
003682 : Master state changed from <UNKNOWN> to <INIT>
003682 : prepare
003716 : Master state changed from <INIT> to <PREOP>
003857 : Log out every 250 cycle
003857 : my Value 1:
003857 : 0
003857 : my Value 2:
003857 : 0
004107 : Log out every 250 cycle
004107 : my Value 1:
004107 : 0
004107 : my Value 2:
004107 : 0
004357 : Log out every 250 cycle
004357 : my Value 1:
004357 : 0
004357 : my Value 2:
004357 : 0
004607 : Log out every 250 cycle
004607 : my Value 1:
004607 : 0
004607 : my Value 2:
004607 : 0
004857 : Log out every 250 cycle
004857 : my Value 1:
004857 : 0
004857 : my Value 2:
004857 : 0
005107 : Log out every 250 cycle
005107 : my Value 1:
005107 : 0
005107 : my Value 2:
005107 : 0
005357 : Log out every 250 cycle
005357 : my Value 1:
005357 : 0
005357 : my Value 2:
005357 : 0
005607 : Log out every 250 cycle
005607 : my Value 1:
005607 : 0
005607 : my Value 2:
005607 : 0
005857 : Log out every 250 cycle
005857 : my Value 1:
005857 : 0
005857 : my Value 2:
005857 : 0
006107 : Log out every 250 cycle
006107 : my Value 1:
006107 : 0
006107 : my Value 2:
006107 : 0
006357 : Log out every 250 cycle
006357 : my Value 1:
006357 : 0
006357 : my Value 2:
006357 : 0
006607 : Log out every 250 cycle
006607 : my Value 1:
006607 : 0
006607 : my Value 2:
006607 : 0
006857 : Log out every 250 cycle
006857 : my Value 1:
006857 : 0
006857 : my Value 2:
006857 : 0
007107 : Log out every 250 cycle
007107 : my Value 1:
007107 : 0
007107 : my Value 2:
007107 : 0
007357 : Log out every 250 cycle
007357 : my Value 1:
007357 : 0
007357 : my Value 2:
007357 : 0
007607 : Log out every 250 cycle
007607 : my Value 1:
007607 : 0
007607 : my Value 2:
007607 : 0
007611 : DCM in sync Cur="  25037", Avg="  -1754", Max=" -69272"
007664 : Cyclic command WKC error on LRW - Address: 0x10000000 - WKC act/set=1/3
007664 : Master state changed from <PREOP> to <SAFEOP>
007706 : Master state changed from <SAFEOP> to <OP>
007706 : 
007706 : Job times during startup <INIT> to <OP>:
007706 : ================================================================
007706 : PerfMsmt 'JOB_ProcessAllRxFrames' (avg/max) [usec]:    8.6/ 34.0
007706 : PerfMsmt 'JOB_SendAllCycFrames  ' (avg/max) [usec]:    4.3/ 12.1
007706 : PerfMsmt 'JOB_MasterTimer       ' (avg/max) [usec]:    5.0/ 35.6
007706 : PerfMsmt 'JOB_SendAcycFrames    ' (avg/max) [usec]:    1.0/ 18.6
007706 : PerfMsmt 'Cycle Time            ' (avg/max) [usec]:  999.6/1074.4
007706 : PerfMsmt 'myAppWorkPd           ' (avg/max) [usec]:    0.3/ 10.4
007706 : PerfMsmt 'Write DCM logfile     ' (avg/max) [usec]:    1.1/  5.1
007706 : 
007706 : DCM during startup (<INIT> to <OP>)
007706 : DCM Diff(ns): Cur=   6237, Avg=  -1703, Max= -83886
007857 : Log out every 250 cycle
007857 : my Value 1:
007857 : 322
007857 : my Value 2:
007857 : 322
008107 : Log out every 250 cycle
008107 : my Value 1:
008107 : 322
008107 : my Value 2:
008107 : 322
008357 : Log out every 250 cycle
008357 : my Value 1:
008357 : 322
008357 : my Value 2:
008357 : 322
008607 : Log out every 250 cycle
008607 : my Value 1:
008607 : 322
008607 : my Value 2:
008607 : 322
008857 : Log out every 250 cycle
008857 : my Value 1:
008857 : 322
008857 : my Value 2:
008857 : 322
009107 : Log out every 250 cycle
009107 : my Value 1:
009107 : 322
009107 : my Value 2:
009107 : 322
009357 : Log out every 250 cycle
009357 : my Value 1:
009357 : 322
009357 : my Value 2:
009357 : 322
009607 : Log out every 250 cycle
009607 : my Value 1:
009607 : 322
009607 : my Value 2:
009607 : 322
009707 : ================================================================
009707 : PerfMsmt 'JOB_ProcessAllRxFrames' (avg/max) [usec]:    8.9/ 16.0
009707 : PerfMsmt 'JOB_SendAllCycFrames  ' (avg/max) [usec]:    5.6/ 36.3
009707 : PerfMsmt 'JOB_MasterTimer       ' (avg/max) [usec]:    6.0/ 13.3
009707 : PerfMsmt 'JOB_SendAcycFrames    ' (avg/max) [usec]:    0.7/  3.3
009707 : PerfMsmt 'Cycle Time            ' (avg/max) [usec]:  999.8/1079.4
009707 : PerfMsmt 'myAppWorkPd           ' (avg/max) [usec]:    0.4/  5.0
009707 : PerfMsmt 'Write DCM logfile     ' (avg/max) [usec]:    1.5/  4.5
009857 : Log out every 250 cycle
009857 : my Value 1:
009857 : 322
009857 : my Value 2:
009857 : 322
010107 : Log out every 250 cycle
010107 : my Value 1:
010107 : 322
010107 : my Value 2:
010107 : 322
010357 : Log out every 250 cycle
010357 : my Value 1:
010357 : 322
010357 : my Value 2:
010357 : 322
010607 : Log out every 250 cycle
010607 : my Value 1:
010607 : 322
010607 : my Value 2:
010607 : 322
010857 : Log out every 250 cycle
010857 : my Value 1:
010857 : 322
010857 : my Value 2:
010857 : 322
010873 : 
010873 : Job times before shutdown
010873 : ========================
010873 : Shutdown EtherCAT Master
010873 : ========================
010885 : Master state changed from <OP> to <INIT>
011952 : EcMasterDemoDc stop.
